TN:
SF:src/controllers/auth.controller.ts
FN:7,(anonymous_0)
FNF:1
FNH:1
FNDA:3,(anonymous_0)
DA:2,4
DA:4,4
DA:6,4
DA:8,3
DA:9,3
DA:11,3
DA:12,1
DA:18,2
DA:20,2
DA:21,1
DA:27,1
DA:29,0
LF:12
LH:11
BRDA:11,0,0,1
BRDA:11,1,0,3
BRDA:11,1,1,2
BRDA:20,2,0,1
BRF:4
BRH:4
end_of_record
TN:
SF:src/controllers/create-user.controller.ts
FN:8,(anonymous_0)
FNF:1
FNH:1
FNDA:1,(anonymous_0)
DA:2,4
DA:3,4
DA:5,4
DA:7,4
DA:9,1
DA:10,1
DA:12,1
DA:15,1
DA:17,1
DA:19,0
LF:10
LH:9
BRDA:20,0,0,0
BRDA:20,0,1,0
BRF:2
BRH:0
end_of_record
TN:
SF:src/controllers/kanban.controller.ts
FN:21,(anonymous_1)
FN:25,(anonymous_2)
FN:43,(anonymous_3)
FN:97,(anonymous_4)
FN:139,(anonymous_5)
FN:185,(anonymous_6)
FNF:6
FNH:0
FNDA:0,(anonymous_1)
FNDA:0,(anonymous_2)
FNDA:0,(anonymous_3)
FNDA:0,(anonymous_4)
FNDA:0,(anonymous_5)
FNDA:0,(anonymous_6)
DA:2,4
DA:3,4
DA:4,4
DA:6,4
DA:20,4
DA:22,0
DA:23,0
DA:25,0
DA:37,0
DA:39,0
DA:44,0
DA:46,0
DA:47,0
DA:53,0
DA:54,0
DA:63,0
DA:76,0
DA:77,0
DA:78,0
DA:82,0
DA:88,0
DA:91,0
DA:93,0
DA:98,0
DA:100,0
DA:101,0
DA:104,0
DA:105,0
DA:107,0
DA:119,0
DA:120,0
DA:121,0
DA:125,0
DA:131,0
DA:133,0
DA:135,0
DA:140,0
DA:141,0
DA:143,0
DA:144,0
DA:150,0
DA:151,0
DA:153,0
DA:154,0
DA:155,0
DA:158,0
DA:171,0
DA:177,0
DA:179,0
DA:181,0
DA:186,0
DA:188,0
DA:189,0
DA:192,0
DA:193,0
DA:195,0
DA:196,0
DA:197,0
DA:201,0
DA:207,0
DA:209,0
DA:211,0
LF:62
LH:5
BRDA:46,0,0,0
BRDA:77,1,0,0
BRDA:100,2,0,0
BRDA:120,3,0,0
BRDA:143,4,0,0
BRDA:143,5,0,0
BRDA:143,5,1,0
BRDA:154,6,0,0
BRDA:188,7,0,0
BRDA:196,8,0,0
BRF:10
BRH:0
end_of_record
TN:
SF:src/controllers/reuniao.controller.ts
FN:14,(anonymous_1)
FN:24,(anonymous_2)
FN:65,(anonymous_3)
FN:102,(anonymous_4)
FN:123,(anonymous_5)
FN:150,(anonymous_6)
FNF:6
FNH:2
FNDA:1,(anonymous_1)
FNDA:2,(anonymous_2)
FNDA:0,(anonymous_3)
FNDA:0,(anonymous_4)
FNDA:0,(anonymous_5)
FNDA:0,(anonymous_6)
DA:2,4
DA:3,4
DA:4,4
DA:6,4
DA:11,4
DA:13,4
DA:15,1
DA:16,1
DA:17,1
DA:19,0
DA:20,0
DA:25,2
DA:27,2
DA:28,0
DA:34,2
DA:36,2
DA:39,1
DA:53,1
DA:56,1
DA:58,1
DA:60,1
DA:61,1
DA:66,0
DA:68,0
DA:69,0
DA:75,0
DA:76,0
DA:78,0
DA:88,0
DA:91,0
DA:93,0
DA:95,0
DA:96,0
DA:103,0
DA:105,0
DA:106,0
DA:112,0
DA:113,0
DA:114,0
DA:116,0
DA:117,0
DA:124,0
DA:126,0
DA:127,0
DA:133,0
DA:134,0
DA:136,0
DA:137,0
DA:143,0
DA:145,0
DA:146,0
DA:151,0
DA:152,0
DA:154,0
DA:155,0
DA:161,0
DA:162,0
DA:168,0
DA:169,0
DA:170,0
DA:172,0
DA:173,0
LF:62
LH:19
BRDA:27,0,0,0
BRDA:27,1,0,2
BRDA:27,1,1,2
BRDA:27,1,2,2
BRDA:27,1,3,2
BRDA:27,1,4,2
BRDA:68,2,0,0
BRDA:68,3,0,0
BRDA:68,3,1,0
BRDA:105,4,0,0
BRDA:126,5,0,0
BRDA:136,6,0,0
BRDA:154,7,0,0
BRDA:161,8,0,0
BRF:14
BRH:5
end_of_record
TN:
SF:src/controllers/version.controller.ts
FN:5,(anonymous_1)
FNF:1
FNH:1
FNDA:1,(anonymous_1)
DA:2,4
DA:4,4
DA:6,1
DA:7,1
DA:13,0
LF:5
LH:4
BRDA:9,0,0,1
BRDA:9,0,1,0
BRDA:9,0,2,0
BRF:3
BRH:1
end_of_record
TN:
SF:src/repositories/auth.repository.ts
FN:4,(anonymous_0)
FN:10,(anonymous_1)
FN:17,(anonymous_2)
FNF:3
FNH:2
FNDA:3,(anonymous_0)
FNDA:0,(anonymous_1)
FNDA:1,(anonymous_2)
DA:1,5
DA:3,5
DA:5,3
DA:11,0
DA:19,1
LF:5
LH:4
BRF:0
BRH:0
end_of_record
TN:
SF:src/repositories/kanban.repository.ts
FN:13,(anonymous_0)
FN:19,(anonymous_1)
FN:23,(anonymous_2)
FN:36,(anonymous_3)
FN:43,(anonymous_4)
FN:50,(anonymous_5)
FNF:6
FNH:0
FNDA:0,(anonymous_0)
FNDA:0,(anonymous_1)
FNDA:0,(anonymous_2)
FNDA:0,(anonymous_3)
FNDA:0,(anonymous_4)
FNDA:0,(anonymous_5)
DA:1,4
DA:12,4
DA:14,0
DA:20,0
DA:24,0
DA:37,0
DA:44,0
DA:51,0
LF:8
LH:2
BRDA:27,0,0,0
BRDA:27,0,1,0
BRDA:28,1,0,0
BRDA:28,1,1,0
BRDA:29,2,0,0
BRDA:29,2,1,0
BRDA:31,3,0,0
BRDA:31,3,1,0
BRF:8
BRH:0
end_of_record
TN:
SF:src/repositories/reuniao.repository.ts
FN:11,(anonymous_0)
FN:15,(anonymous_1)
FN:19,(anonymous_2)
FN:23,(anonymous_3)
FN:29,(anonymous_4)
FN:35,(anonymous_5)
FNF:6
FNH:2
FNDA:1,(anonymous_0)
FNDA:0,(anonymous_1)
FNDA:2,(anonymous_2)
FNDA:0,(anonymous_3)
FNDA:0,(anonymous_4)
FNDA:0,(anonymous_5)
DA:1,5
DA:10,5
DA:12,1
DA:16,0
DA:20,2
DA:24,0
DA:30,0
DA:36,0
LF:8
LH:4
BRF:0
BRH:0
end_of_record
TN:
SF:src/routes/auth.routes.ts
FN:33,(anonymous_0)
FNF:1
FNH:1
FNDA:1,(anonymous_0)
DA:1,4
DA:2,4
DA:3,4
DA:5,4
DA:6,4
DA:31,4
DA:33,4
DA:35,4
LF:8
LH:8
BRF:0
BRH:0
end_of_record
TN:
SF:src/routes/health.routes.ts
FN:17,(anonymous_1)
FN:33,(anonymous_2)
FN:61,(anonymous_3)
FNF:3
FNH:0
FNDA:0,(anonymous_1)
FNDA:0,(anonymous_2)
FNDA:0,(anonymous_3)
DA:1,4
DA:2,4
DA:3,4
DA:4,4
DA:5,4
DA:6,4
DA:8,4
DA:17,4
DA:18,0
DA:33,4
DA:34,0
DA:37,0
DA:38,0
DA:39,0
DA:41,0
DA:45,0
DA:46,0
DA:47,0
DA:49,0
DA:53,0
DA:54,0
DA:55,0
DA:56,0
DA:58,0
DA:61,0
DA:62,0
DA:64,0
DA:65,0
DA:68,0
DA:74,4
LF:30
LH:10
BRDA:62,0,0,0
BRDA:62,0,1,0
BRDA:64,1,0,0
BRDA:69,2,0,0
BRDA:69,2,1,0
BRF:5
BRH:0
end_of_record
TN:
SF:src/routes/kanban.routes.ts
FNF:0
FNH:0
DA:1,4
DA:2,4
DA:3,4
DA:5,4
DA:6,4
DA:47,4
DA:48,4
DA:63,4
DA:84,4
DA:93,4
DA:95,4
LF:11
LH:11
BRF:0
BRH:0
end_of_record
TN:
SF:src/routes/metrics.routes.ts
FN:17,(anonymous_0)
FNF:1
FNH:0
FNDA:0,(anonymous_0)
DA:1,4
DA:2,4
DA:4,4
DA:17,4
DA:18,0
DA:19,0
DA:20,0
DA:22,0
DA:26,4
LF:9
LH:5
BRF:0
BRH:0
end_of_record
TN:
SF:src/routes/reuniao.routes.ts
FNF:0
FNH:0
DA:1,4
DA:2,4
DA:3,4
DA:5,4
DA:6,4
DA:41,4
DA:43,4
DA:44,4
DA:45,4
DA:46,4
DA:47,4
DA:48,4
DA:50,4
LF:13
LH:13
BRF:0
BRH:0
end_of_record
TN:
SF:src/routes/version.routes.ts
FNF:0
FNH:0
DA:1,4
DA:2,4
DA:4,4
DA:31,4
DA:33,4
LF:5
LH:5
BRF:0
BRH:0
end_of_record
TN:
SF:src/services/auth.service.ts
FN:10,(anonymous_9)
FNF:1
FNH:1
FNDA:5,(anonymous_9)
DA:1,5
DA:2,5
DA:3,5
DA:4,5
DA:6,5
DA:7,5
DA:9,5
DA:11,5
DA:13,5
DA:15,3
DA:16,3
DA:18,2
DA:24,2
LF:13
LH:13
BRDA:13,0,0,2
BRDA:16,1,0,1
BRF:2
BRH:2
end_of_record
TN:
SF:src/services/create-user.services.ts
FN:7,(anonymous_9)
FNF:1
FNH:1
FNDA:3,(anonymous_9)
DA:1,5
DA:2,5
DA:4,5
DA:6,5
DA:9,3
DA:10,3
DA:11,1
DA:14,2
DA:15,2
DA:17,2
DA:22,2
LF:11
LH:11
BRDA:10,0,0,1
BRF:1
BRH:1
end_of_record
TN:
SF:src/services/kanban.service.ts
FN:15,(anonymous_0)
FN:19,(anonymous_1)
FN:23,(anonymous_2)
FN:27,(anonymous_3)
FN:31,(anonymous_4)
FN:35,(anonymous_5)
FNF:6
FNH:0
FNDA:0,(anonymous_0)
FNDA:0,(anonymous_1)
FNDA:0,(anonymous_2)
FNDA:0,(anonymous_3)
FNDA:0,(anonymous_4)
FNDA:0,(anonymous_5)
DA:1,4
DA:3,4
DA:14,4
DA:16,0
DA:20,0
DA:24,0
DA:28,0
DA:32,0
DA:36,0
LF:9
LH:3
BRF:0
BRH:0
end_of_record
TN:
SF:src/services/rabbitmq-consumer.service.ts
FN:6,iniciarConsumer
FN:16,(anonymous_2)
FNF:2
FNH:0
FNDA:0,iniciarConsumer
FNDA:0,(anonymous_2)
DA:1,4
DA:3,4
DA:4,4
DA:6,4
DA:7,0
DA:8,0
DA:10,0
DA:11,0
DA:13,0
DA:14,0
DA:16,0
DA:17,0
DA:18,0
DA:19,0
DA:21,0
DA:26,0
DA:27,0
DA:28,0
DA:30,0
DA:31,0
DA:34,0
DA:36,0
DA:37,0
DA:42,0
LF:24
LH:4
BRDA:17,0,0,0
BRDA:26,1,0,0
BRF:2
BRH:0
end_of_record
TN:
SF:src/services/rabbitmq.service.ts
FN:15,(anonymous_1)
FN:17,(anonymous_2)
FN:34,(anonymous_3)
FN:50,(anonymous_4)
FNF:4
FNH:3
FNDA:1,(anonymous_1)
FNDA:4,(anonymous_2)
FNDA:4,(anonymous_3)
FNDA:0,(anonymous_4)
DA:1,3
DA:2,3
DA:3,3
DA:4,3
DA:5,3
DA:7,3
DA:16,1
DA:17,1
DA:18,4
DA:20,0
DA:22,1
DA:23,1
DA:35,4
DA:37,0
DA:38,0
DA:39,0
DA:42,0
DA:44,0
DA:46,0
DA:48,0
DA:50,0
LF:21
LH:12
BRDA:42,0,0,0
BRDA:42,0,1,0
BRF:2
BRH:0
end_of_record
TN:
SF:src/services/redis.service.ts
FN:14,(anonymous_0)
FN:23,(anonymous_1)
FN:31,(anonymous_2)
FN:36,(anonymous_3)
FN:41,(anonymous_4)
FN:50,(anonymous_5)
FNF:6
FNH:3
FNDA:0,(anonymous_0)
FNDA:0,(anonymous_1)
FNDA:1,(anonymous_2)
FNDA:1,(anonymous_3)
FNDA:1,(anonymous_4)
FNDA:0,(anonymous_5)
DA:1,4
DA:2,4
DA:11,4
DA:15,0
DA:23,0
DA:24,0
DA:27,0
DA:28,0
DA:32,1
DA:33,0
DA:37,1
DA:38,0
DA:42,1
DA:43,0
DA:51,0
DA:52,0
DA:54,0
LF:17
LH:6
BRDA:16,0,0,0
BRDA:16,0,1,0
BRDA:18,1,0,0
BRDA:18,1,1,0
BRDA:19,2,0,0
BRDA:19,2,1,0
BRDA:32,3,0,1
BRDA:37,4,0,1
BRDA:42,5,0,1
BRDA:51,6,0,0
BRF:10
BRH:3
end_of_record
TN:
SF:src/services/reuniao.service.ts
FN:16,(anonymous_1)
FN:31,(anonymous_2)
FN:39,(anonymous_3)
FN:48,(anonymous_4)
FN:52,(anonymous_5)
FN:75,(anonymous_6)
FNF:6
FNH:3
FNDA:1,(anonymous_1)
FNDA:2,(anonymous_2)
FNDA:0,(anonymous_3)
FNDA:0,(anonymous_4)
FNDA:0,(anonymous_5)
FNDA:1,(anonymous_6)
DA:1,5
DA:2,5
DA:3,5
DA:4,5
DA:6,5
DA:15,5
DA:17,1
DA:18,1
DA:20,1
DA:21,0
DA:22,0
DA:25,1
DA:26,1
DA:27,1
DA:28,1
DA:32,2
DA:34,1
DA:36,1
DA:40,0
DA:42,0
DA:43,0
DA:45,0
DA:49,0
DA:53,0
DA:55,0
DA:58,0
DA:59,0
DA:60,0
DA:63,0
DA:65,0
DA:66,0
DA:67,0
DA:70,0
DA:76,1
DA:79,1
DA:80,1
DA:83,1
DA:93,1
DA:95,1
LF:39
LH:22
BRDA:20,0,0,0
BRDA:58,1,0,0
BRDA:66,2,0,0
BRF:3
BRH:0
end_of_record
